<?xml version="1.0" encoding="UTF-8"?>
<!-- Generated by org.testng.reporters.JUnitReportReporter -->
<testsuite skipped="0" hostname="ADMIN-PC" name="pkg.test.qa.GoogleTest" tests="1" failures="0" timestamp="2019-11-11T13:26:40 IST" time="52.109" errors="0">
  <testcase name="test1" time="52.109" classname="pkg.test.qa.GoogleTest"/>
</testsuite> <!-- pkg.test.qa.GoogleTest -->
