<?xml version="1.0" encoding="UTF-8"?>
<!-- Generated by org.testng.reporters.JUnitReportReporter -->
<testsuite skipped="0" hostname="ADMIN-PC" name="com.test.qa.GooleTest" tests="1" failures="0" timestamp="2019-11-11T12:32:22 IST" time="24.275" errors="0">
  <testcase name="test1" time="24.275" classname="com.test.qa.GooleTest"/>
</testsuite> <!-- com.test.qa.GooleTest -->
